<?xml version="1.0" encoding="UTF-8"?>
<!-- Generated by org.testng.reporters.JUnitReportReporter -->
<testsuite hostname="EXIPC0241" failures="0" tests="1" name="EXSquared.BrookfieldAppium.extentReports.ExtentReport" time="6.926" errors="0" timestamp="2022-11-26T16:51:57 IST" skipped="0">
  <testcase classname="EXSquared.BrookfieldAppium.extentReports.ExtentReport" name="initialDemo" time="6.926"/>
  <system-out/>
</testsuite> <!-- EXSquared.BrookfieldAppium.extentReports.ExtentReport -->
