<?xml version="1.0" encoding="UTF-8"?>
<!-- Generated by org.testng.reporters.JUnitReportReporter -->
<testsuite hostname="EXIPC0241" failures="0" tests="1" name="EXSquared.BrookfieldAppium.tests.AboutPageTests" time="38.032" errors="0" timestamp="2022-12-11T16:11:38 IST" skipped="0">
  <testcase classname="EXSquared.BrookfieldAppium.tests.AboutPageTests" name="goingToLoginPage" time="38.032"/>
  <system-out/>
</testsuite> <!-- EXSquared.BrookfieldAppium.tests.AboutPageTests -->
