<?xml version="1.0" encoding="UTF-8"?>
<!-- Generated by org.testng.reporters.JUnitReportReporter -->
<testsuite hostname="EXIPC0241" failures="0" tests="3" name="EXSquared.BrookfieldAppium.dataProvider.DataProvide" time="0.013" errors="0" timestamp="2022-11-24T00:04:03 IST" skipped="0">
  <testcase classname="EXSquared.BrookfieldAppium.dataProvider.DataProvide" name="testCaseData" time="0.001"/>
  <system-out/>
  <testcase classname="EXSquared.BrookfieldAppium.dataProvider.DataProvide" name="testCaseData" time="0.002"/>
  <system-out/>
  <testcase classname="EXSquared.BrookfieldAppium.dataProvider.DataProvide" name="testCaseData" time="0.010"/>
  <system-out/>
</testsuite> <!-- EXSquared.BrookfieldAppium.dataProvider.DataProvide -->
