<?xml version="1.0" encoding="UTF-8"?>
<!-- Generated by org.testng.reporters.JUnitReportReporter -->
<testsuite hostname="EXIPC0241" failures="0" tests="1" name="EXSquared.BrookfieldAppium.tests.SkipTests" time="7.980" errors="0" timestamp="2022-11-16T09:52:31 IST" skipped="0">
  <testcase classname="EXSquared.BrookfieldAppium.tests.SkipTests" name="goingToLoginPage" time="7.980"/>
  <system-out/>
</testsuite> <!-- EXSquared.BrookfieldAppium.tests.SkipTests -->
