<?xml version="1.0" encoding="UTF-8"?>
<!-- Generated by org.testng.reporters.JUnitReportReporter -->
<testsuite hostname="EXIPC0241" failures="0" tests="6" name="EXSquared.BrookfieldAppium.dataProvider.DataProvideTests" time="0.009" errors="0" timestamp="2022-11-24T10:37:57 IST" skipped="0">
  <testcase classname="EXSquared.BrookfieldAppium.dataProvider.DataProvideTests" name="objectDataProvider" time="0.001"/>
  <system-out/>
  <testcase classname="EXSquared.BrookfieldAppium.dataProvider.DataProvideTests" name="testCaseData" time="0.001"/>
  <system-out/>
  <testcase classname="EXSquared.BrookfieldAppium.dataProvider.DataProvideTests" name="objectDataProvider" time="0.001"/>
  <system-out/>
  <testcase classname="EXSquared.BrookfieldAppium.dataProvider.DataProvideTests" name="objectDataProvider" time="0.005"/>
  <system-out/>
  <testcase classname="EXSquared.BrookfieldAppium.dataProvider.DataProvideTests" name="testCaseData" time="0.001"/>
  <system-out/>
  <testcase classname="EXSquared.BrookfieldAppium.dataProvider.DataProvideTests" name="testCaseData" time="0.000"/>
  <system-out/>
</testsuite> <!-- EXSquared.BrookfieldAppium.dataProvider.DataProvideTests -->
