<?xml version="1.0" encoding="UTF-8"?>
<!-- Generated by org.testng.reporters.JUnitReportReporter -->
<testsuite hostname="EXIPC0241" failures="0" tests="1" name="EXSquared.BrookfieldAppium.extentReports.ExtentReportClass" time="4.128" errors="0" timestamp="2022-11-27T00:36:30 IST" skipped="0">
  <testcase classname="EXSquared.BrookfieldAppium.extentReports.ExtentReportClass" name="initialDemo" time="4.128"/>
  <system-out/>
</testsuite> <!-- EXSquared.BrookfieldAppium.extentReports.ExtentReportClass -->
